<?xml version="1.0" encoding="UTF-8"?>
<testng-results skipped="0" failed="0" total="1" passed="1">
  <reporter-output>
  </reporter-output>
  <suite name="Suite" duration-ms="15924" started-at="2012-10-15T10:21:48Z" finished-at="2012-10-15T10:22:04Z">
    <groups>
    </groups>
    <test name="Test" duration-ms="15924" started-at="2012-10-15T10:21:48Z" finished-at="2012-10-15T10:22:04Z">
      <class name="com.clogic.SeleniumFramework.ClassTest">
        <test-method status="PASS" signature="setUp()[pri:0, instance:com.clogic.SeleniumFramework.ClassTest@c53dce]" name="setUp" is-config="true" duration-ms="9727" started-at="2012-10-15T15:51:39Z" finished-at="2012-10-15T15:51:48Z">
          <reporter-output>
          </reporter-output>
        </test-method> <!-- setUp -->
        <test-method status="PASS" signature="addLeadListTest()[pri:0, instance:com.clogic.SeleniumFramework.ClassTest@c53dce]" name="addLeadListTest" duration-ms="15921" started-at="2012-10-15T15:51:48Z" description="Add Lead List Test" finished-at="2012-10-15T15:52:04Z">
          <reporter-output>
          </reporter-output>
        </test-method> <!-- addLeadListTest -->
        <test-method status="PASS" signature="tearDown()[pri:0, instance:com.clogic.SeleniumFramework.ClassTest@c53dce]" name="tearDown" is-config="true" duration-ms="528" started-at="2012-10-15T15:52:04Z" finished-at="2012-10-15T15:52:05Z">
          <reporter-output>
          </reporter-output>
        </test-method> <!-- tearDown -->
      </class> <!-- com.clogic.SeleniumFramework.ClassTest -->
    </test> <!-- Test -->
  </suite> <!-- Suite -->
</testng-results>
